[20:08:40] [ERROR] Error parsing Ingredient String: Invalid Item: natura:overworld_leaves:-1
[20:08:40] [ERROR] Compost JSON Entry for natura:overworld_leaves:-1 already exists, skipping.
[20:08:40] [ERROR] Error parsing Ingredient String: Invalid Item: natura:overworld_leaves2:-1
[20:08:40] [ERROR] Compost JSON Entry for natura:overworld_leaves2:-1 already exists, skipping.
[20:08:40] [ERROR] Error parsing Ingredient String: Invalid Item: natura:redwood_leaves:0
[20:08:40] [ERROR] Compost JSON Entry for natura:redwood_leaves:0 already exists, skipping.
[20:08:40] [ERROR] Error parsing Ingredient String: Invalid Item: natura:nether_leaves:-1
[20:08:40] [ERROR] Compost JSON Entry for natura:nether_leaves:-1 already exists, skipping.
[20:08:40] [ERROR] Error parsing Ingredient String: Invalid Item: natura:nether_leaves2:-1
[20:08:40] [ERROR] Compost JSON Entry for natura:nether_leaves2:-1 already exists, skipping.
[20:08:40] [ERROR] Number error in json: randomthings:spectreleaf:*
[20:08:40] [ERROR] Compost JSON Entry for randomthings:spectreleaf:* already exists, skipping.
[20:08:46] [INFO] Enabled support for The One Probe
[20:09:29] [INFO] ModConfig Loaded: true
[20:09:29] [INFO] JEI: Compost Recipe Pages Loaded:         4
[20:09:29] [INFO] JEI: Fluid Item Transform Recipes Loaded:       24
[20:09:29] [INFO] JEI: Fluid On Top Recipes Loaded:       2
[20:09:29] [INFO] JEI: Fluid Transform Recipes Loaded:    2
[20:09:29] [INFO] JEI: Hammer Recipes Loaded:             14
[20:09:29] [INFO] JEI: Crook Recipes Loaded:              32
[20:09:29] [INFO] JEI: Heat Sources Loaded:             12
[20:09:29] [INFO] JEI: Sieve Recipes Loaded:              25
[20:09:29] [INFO] JEI: Stone Crucible Recipes Loaded:       1
[20:09:29] [INFO] JEI: Wood Crucible Recipes Loaded:        1
[20:09:29] [INFO] Registered Crook Catalyst: enderio:item_dark_steel_crook
[20:09:29] [INFO] Registered Hammer Catalyst: exnihilocreatio:hammer_wood
[20:09:29] [INFO] Registered Hammer Catalyst: exnihilocreatio:hammer_stone
[20:09:29] [INFO] Registered Hammer Catalyst: exnihilocreatio:hammer_iron
[20:09:29] [INFO] Registered Hammer Catalyst: exnihilocreatio:hammer_diamond
[20:09:29] [INFO] Registered Hammer Catalyst: exnihilocreatio:hammer_gold
[20:09:29] [INFO] Registered Crook Catalyst: exnihilocreatio:crook_wood
[20:09:29] [INFO] Registered Crook Catalyst: exnihilocreatio:crook_stone
[20:09:29] [INFO] Registered Crook Catalyst: exnihilocreatio:crook_andesite
[20:09:29] [INFO] Registered Crook Catalyst: exnihilocreatio:crook_granite
[20:09:29] [INFO] Registered Crook Catalyst: exnihilocreatio:crook_diorite
[20:09:29] [INFO] Registered Crook Catalyst: exnihilocreatio:crook_gold
[20:09:29] [INFO] Registered Crook Catalyst: exnihilocreatio:crook_iron
[20:09:29] [INFO] Registered Crook Catalyst: exnihilocreatio:crook_diamond
[20:09:29] [INFO] Registered Crook Catalyst: exnihilocreatio:crook_bone
[20:09:29] [INFO] Registered Crook Catalyst: exnihilocreatio:crook_clay_uncooked
[20:09:29] [INFO] Registered Crook Catalyst: exnihilocreatio:crook_clay
[20:09:29] [INFO] Registered Crook Catalyst: exnihilocreatio:crook_prismarine
[20:09:29] [INFO] Registered Crook Catalyst: exnihilocreatio:crook_netherrack
[20:09:29] [INFO] Registered Crook Catalyst: exnihilocreatio:crook_purpur
[20:09:29] [INFO] Registered Crook Catalyst: exnihilocreatio:crook_blaze
[20:09:29] [INFO] Registered Hammer Catalyst: exnihilocreatio:hammer_tconstruct
[20:09:29] [INFO] Registered Crook Catalyst: exnihilocreatio:crook_tconstruct
[20:09:29] [INFO] Registered Crook Catalyst: excompressum:compressed_crook
[20:09:29] [INFO] Registered Crook Catalyst: stoneblockutilities:crook_stone
