[17:04:25] [ERROR] Error parsing Ingredient String: Invalid Item: natura:overworld_leaves:-1
[17:04:25] [ERROR] Compost JSON Entry for natura:overworld_leaves:-1 already exists, skipping.
[17:04:25] [ERROR] Error parsing Ingredient String: Invalid Item: natura:overworld_leaves2:-1
[17:04:25] [ERROR] Compost JSON Entry for natura:overworld_leaves2:-1 already exists, skipping.
[17:04:25] [ERROR] Error parsing Ingredient String: Invalid Item: natura:redwood_leaves:0
[17:04:25] [ERROR] Compost JSON Entry for natura:redwood_leaves:0 already exists, skipping.
[17:04:25] [ERROR] Error parsing Ingredient String: Invalid Item: natura:nether_leaves:-1
[17:04:25] [ERROR] Compost JSON Entry for natura:nether_leaves:-1 already exists, skipping.
[17:04:25] [ERROR] Error parsing Ingredient String: Invalid Item: natura:nether_leaves2:-1
[17:04:25] [ERROR] Compost JSON Entry for natura:nether_leaves2:-1 already exists, skipping.
[17:04:25] [ERROR] Number error in json: randomthings:spectreleaf:*
[17:04:25] [ERROR] Compost JSON Entry for randomthings:spectreleaf:* already exists, skipping.
[17:04:33] [INFO] Enabled support for The One Probe
[17:05:10] [INFO] ModConfig Loaded: true
[17:05:10] [INFO] JEI: Compost Recipe Pages Loaded:         4
[17:05:10] [INFO] JEI: Fluid Item Transform Recipes Loaded:       24
[17:05:10] [INFO] JEI: Fluid On Top Recipes Loaded:       2
[17:05:10] [INFO] JEI: Fluid Transform Recipes Loaded:    2
[17:05:10] [INFO] JEI: Hammer Recipes Loaded:             14
[17:05:10] [INFO] JEI: Crook Recipes Loaded:              32
[17:05:10] [INFO] JEI: Heat Sources Loaded:             12
[17:05:10] [INFO] JEI: Sieve Recipes Loaded:              25
[17:05:10] [INFO] JEI: Stone Crucible Recipes Loaded:       1
[17:05:10] [INFO] JEI: Wood Crucible Recipes Loaded:        1
[17:05:10] [INFO] Registered Crook Catalyst: enderio:item_dark_steel_crook
[17:05:10] [INFO] Registered Hammer Catalyst: exnihilocreatio:hammer_wood
[17:05:10] [INFO] Registered Hammer Catalyst: exnihilocreatio:hammer_stone
[17:05:10] [INFO] Registered Hammer Catalyst: exnihilocreatio:hammer_iron
[17:05:10] [INFO] Registered Hammer Catalyst: exnihilocreatio:hammer_diamond
[17:05:10] [INFO] Registered Hammer Catalyst: exnihilocreatio:hammer_gold
[17:05:10] [INFO] Registered Crook Catalyst: exnihilocreatio:crook_wood
[17:05:10] [INFO] Registered Crook Catalyst: exnihilocreatio:crook_stone
[17:05:10] [INFO] Registered Crook Catalyst: exnihilocreatio:crook_andesite
[17:05:10] [INFO] Registered Crook Catalyst: exnihilocreatio:crook_granite
[17:05:10] [INFO] Registered Crook Catalyst: exnihilocreatio:crook_diorite
[17:05:10] [INFO] Registered Crook Catalyst: exnihilocreatio:crook_gold
[17:05:10] [INFO] Registered Crook Catalyst: exnihilocreatio:crook_iron
[17:05:10] [INFO] Registered Crook Catalyst: exnihilocreatio:crook_diamond
[17:05:10] [INFO] Registered Crook Catalyst: exnihilocreatio:crook_bone
[17:05:10] [INFO] Registered Crook Catalyst: exnihilocreatio:crook_clay_uncooked
[17:05:10] [INFO] Registered Crook Catalyst: exnihilocreatio:crook_clay
[17:05:10] [INFO] Registered Crook Catalyst: exnihilocreatio:crook_prismarine
[17:05:10] [INFO] Registered Crook Catalyst: exnihilocreatio:crook_netherrack
[17:05:10] [INFO] Registered Crook Catalyst: exnihilocreatio:crook_purpur
[17:05:10] [INFO] Registered Crook Catalyst: exnihilocreatio:crook_blaze
[17:05:10] [INFO] Registered Hammer Catalyst: exnihilocreatio:hammer_tconstruct
[17:05:10] [INFO] Registered Crook Catalyst: exnihilocreatio:crook_tconstruct
[17:05:10] [INFO] Registered Crook Catalyst: excompressum:compressed_crook
[17:05:10] [INFO] Registered Crook Catalyst: stoneblockutilities:crook_stone
