[11:56:13] [ERROR] Error parsing Ingredient String: Invalid Item: natura:overworld_leaves:-1
[11:56:13] [ERROR] Compost JSON Entry for natura:overworld_leaves:-1 already exists, skipping.
[11:56:13] [ERROR] Error parsing Ingredient String: Invalid Item: natura:overworld_leaves2:-1
[11:56:13] [ERROR] Compost JSON Entry for natura:overworld_leaves2:-1 already exists, skipping.
[11:56:13] [ERROR] Error parsing Ingredient String: Invalid Item: natura:redwood_leaves:0
[11:56:13] [ERROR] Compost JSON Entry for natura:redwood_leaves:0 already exists, skipping.
[11:56:13] [ERROR] Error parsing Ingredient String: Invalid Item: natura:nether_leaves:-1
[11:56:13] [ERROR] Compost JSON Entry for natura:nether_leaves:-1 already exists, skipping.
[11:56:13] [ERROR] Error parsing Ingredient String: Invalid Item: natura:nether_leaves2:-1
[11:56:13] [ERROR] Compost JSON Entry for natura:nether_leaves2:-1 already exists, skipping.
[11:56:13] [ERROR] Number error in json: randomthings:spectreleaf:*
[11:56:13] [ERROR] Compost JSON Entry for randomthings:spectreleaf:* already exists, skipping.
[11:56:18] [INFO] Enabled support for The One Probe
[11:57:00] [INFO] ModConfig Loaded: true
[11:57:00] [INFO] JEI: Compost Recipe Pages Loaded:         4
[11:57:00] [INFO] JEI: Fluid Item Transform Recipes Loaded:       24
[11:57:00] [INFO] JEI: Fluid On Top Recipes Loaded:       2
[11:57:00] [INFO] JEI: Fluid Transform Recipes Loaded:    2
[11:57:00] [INFO] JEI: Hammer Recipes Loaded:             14
[11:57:00] [INFO] JEI: Crook Recipes Loaded:              32
[11:57:00] [INFO] JEI: Heat Sources Loaded:             12
[11:57:00] [INFO] JEI: Sieve Recipes Loaded:              25
[11:57:00] [INFO] JEI: Stone Crucible Recipes Loaded:       1
[11:57:00] [INFO] JEI: Wood Crucible Recipes Loaded:        1
[11:57:00] [INFO] Registered Crook Catalyst: enderio:item_dark_steel_crook
[11:57:00] [INFO] Registered Hammer Catalyst: exnihilocreatio:hammer_wood
[11:57:00] [INFO] Registered Hammer Catalyst: exnihilocreatio:hammer_stone
[11:57:00] [INFO] Registered Hammer Catalyst: exnihilocreatio:hammer_iron
[11:57:00] [INFO] Registered Hammer Catalyst: exnihilocreatio:hammer_diamond
[11:57:00] [INFO] Registered Hammer Catalyst: exnihilocreatio:hammer_gold
[11:57:00] [INFO] Registered Crook Catalyst: exnihilocreatio:crook_wood
[11:57:00] [INFO] Registered Crook Catalyst: exnihilocreatio:crook_stone
[11:57:00] [INFO] Registered Crook Catalyst: exnihilocreatio:crook_andesite
[11:57:00] [INFO] Registered Crook Catalyst: exnihilocreatio:crook_granite
[11:57:00] [INFO] Registered Crook Catalyst: exnihilocreatio:crook_diorite
[11:57:00] [INFO] Registered Crook Catalyst: exnihilocreatio:crook_gold
[11:57:00] [INFO] Registered Crook Catalyst: exnihilocreatio:crook_iron
[11:57:00] [INFO] Registered Crook Catalyst: exnihilocreatio:crook_diamond
[11:57:00] [INFO] Registered Crook Catalyst: exnihilocreatio:crook_bone
[11:57:00] [INFO] Registered Crook Catalyst: exnihilocreatio:crook_clay_uncooked
[11:57:00] [INFO] Registered Crook Catalyst: exnihilocreatio:crook_clay
[11:57:00] [INFO] Registered Crook Catalyst: exnihilocreatio:crook_prismarine
[11:57:00] [INFO] Registered Crook Catalyst: exnihilocreatio:crook_netherrack
[11:57:00] [INFO] Registered Crook Catalyst: exnihilocreatio:crook_purpur
[11:57:00] [INFO] Registered Crook Catalyst: exnihilocreatio:crook_blaze
[11:57:00] [INFO] Registered Hammer Catalyst: exnihilocreatio:hammer_tconstruct
[11:57:00] [INFO] Registered Crook Catalyst: exnihilocreatio:crook_tconstruct
[11:57:00] [INFO] Registered Crook Catalyst: excompressum:compressed_crook
[11:57:00] [INFO] Registered Crook Catalyst: stoneblockutilities:crook_stone
