[10:20:19] [ERROR] Error parsing Ingredient String: Invalid Item: natura:overworld_leaves:-1
[10:20:19] [ERROR] Compost JSON Entry for natura:overworld_leaves:-1 already exists, skipping.
[10:20:19] [ERROR] Error parsing Ingredient String: Invalid Item: natura:overworld_leaves2:-1
[10:20:19] [ERROR] Compost JSON Entry for natura:overworld_leaves2:-1 already exists, skipping.
[10:20:19] [ERROR] Error parsing Ingredient String: Invalid Item: natura:redwood_leaves:0
[10:20:19] [ERROR] Compost JSON Entry for natura:redwood_leaves:0 already exists, skipping.
[10:20:19] [ERROR] Error parsing Ingredient String: Invalid Item: natura:nether_leaves:-1
[10:20:19] [ERROR] Compost JSON Entry for natura:nether_leaves:-1 already exists, skipping.
[10:20:19] [ERROR] Error parsing Ingredient String: Invalid Item: natura:nether_leaves2:-1
[10:20:19] [ERROR] Compost JSON Entry for natura:nether_leaves2:-1 already exists, skipping.
[10:20:19] [ERROR] Number error in json: randomthings:spectreleaf:*
[10:20:19] [ERROR] Compost JSON Entry for randomthings:spectreleaf:* already exists, skipping.
[10:20:24] [INFO] Enabled support for The One Probe
[10:21:02] [INFO] ModConfig Loaded: true
[10:21:02] [INFO] JEI: Compost Recipe Pages Loaded:         4
[10:21:02] [INFO] JEI: Fluid Item Transform Recipes Loaded:       24
[10:21:02] [INFO] JEI: Fluid On Top Recipes Loaded:       2
[10:21:02] [INFO] JEI: Fluid Transform Recipes Loaded:    2
[10:21:02] [INFO] JEI: Hammer Recipes Loaded:             14
[10:21:02] [INFO] JEI: Crook Recipes Loaded:              32
[10:21:02] [INFO] JEI: Heat Sources Loaded:             12
[10:21:02] [INFO] JEI: Sieve Recipes Loaded:              25
[10:21:02] [INFO] JEI: Stone Crucible Recipes Loaded:       1
[10:21:02] [INFO] JEI: Wood Crucible Recipes Loaded:        1
[10:21:02] [INFO] Registered Crook Catalyst: enderio:item_dark_steel_crook
[10:21:02] [INFO] Registered Hammer Catalyst: exnihilocreatio:hammer_wood
[10:21:02] [INFO] Registered Hammer Catalyst: exnihilocreatio:hammer_stone
[10:21:02] [INFO] Registered Hammer Catalyst: exnihilocreatio:hammer_iron
[10:21:02] [INFO] Registered Hammer Catalyst: exnihilocreatio:hammer_diamond
[10:21:02] [INFO] Registered Hammer Catalyst: exnihilocreatio:hammer_gold
[10:21:02] [INFO] Registered Crook Catalyst: exnihilocreatio:crook_wood
[10:21:02] [INFO] Registered Crook Catalyst: exnihilocreatio:crook_stone
[10:21:02] [INFO] Registered Crook Catalyst: exnihilocreatio:crook_andesite
[10:21:02] [INFO] Registered Crook Catalyst: exnihilocreatio:crook_granite
[10:21:02] [INFO] Registered Crook Catalyst: exnihilocreatio:crook_diorite
[10:21:02] [INFO] Registered Crook Catalyst: exnihilocreatio:crook_gold
[10:21:02] [INFO] Registered Crook Catalyst: exnihilocreatio:crook_iron
[10:21:02] [INFO] Registered Crook Catalyst: exnihilocreatio:crook_diamond
[10:21:02] [INFO] Registered Crook Catalyst: exnihilocreatio:crook_bone
[10:21:02] [INFO] Registered Crook Catalyst: exnihilocreatio:crook_clay_uncooked
[10:21:02] [INFO] Registered Crook Catalyst: exnihilocreatio:crook_clay
[10:21:02] [INFO] Registered Crook Catalyst: exnihilocreatio:crook_prismarine
[10:21:02] [INFO] Registered Crook Catalyst: exnihilocreatio:crook_netherrack
[10:21:02] [INFO] Registered Crook Catalyst: exnihilocreatio:crook_purpur
[10:21:02] [INFO] Registered Crook Catalyst: exnihilocreatio:crook_blaze
[10:21:02] [INFO] Registered Hammer Catalyst: exnihilocreatio:hammer_tconstruct
[10:21:02] [INFO] Registered Crook Catalyst: exnihilocreatio:crook_tconstruct
[10:21:02] [INFO] Registered Crook Catalyst: excompressum:compressed_crook
[10:21:02] [INFO] Registered Crook Catalyst: stoneblockutilities:crook_stone
